*********************************************************************
* LD Score Regression (LDSC)
* Version 1.0.1
* (C) 2014-2019 Brendan Bulik-Sullivan and Hilary Finucane
* Broad Institute of MIT and Harvard / MIT Department of Mathematics
* GNU General Public License v3
*********************************************************************
Call: 
./ldsc.py \
--ref-ld-chr /users/rmatovu/LDSC_tut/eur_w_ld_chr/ \
--out /users/rmatovu/LDSC_tut/LDL_MI_rg \
--rg //users/rmatovu/LDSC_tut/sumstats/Formatted/LDL.sumstats.gz,//users/rmatovu/LDSC_tut/sumstats/Formatted/MI.sumstats.gz \
--w-ld-chr /users/rmatovu/LDSC_tut/eur_w_ld_chr/ 

Beginning analysis at Sat Aug 10 23:00:06 2024
Reading summary statistics from //users/rmatovu/LDSC_tut/sumstats/Formatted/LDL.sumstats.gz ...
Read summary statistics for 1033193 SNPs.
Reading reference panel LD Score from /users/rmatovu/LDSC_tut/eur_w_ld_chr/[1-22] ... (ldscore_fromlist)
Read reference panel LD Scores for 1290028 SNPs.
Removing partitioned LD Scores with zero variance.
Reading regression weight LD Score from /users/rmatovu/LDSC_tut/eur_w_ld_chr/[1-22] ... (ldscore_fromlist)
Read regression weight LD Scores for 1290028 SNPs.
After merging with reference panel LD, 1028373 SNPs remain.
After merging with regression SNP LD, 1028373 SNPs remain.
Computing rg for phenotype 2/2
Reading summary statistics from //users/rmatovu/LDSC_tut/sumstats/Formatted/MI.sumstats.gz ...
Read summary statistics for 1217311 SNPs.
After merging with summary statistics, 1028373 SNPs remain.
1027010 SNPs with valid alleles.

Heritability of phenotype 1
---------------------------
Total Observed scale h2: 0.2008 (0.049)
Lambda GC: 1.0135
Mean Chi^2: 1.1924
Intercept: 0.8853 (0.0581)
Ratio < 0 (usually indicates GC correction).

Heritability of phenotype 2/2
-----------------------------
Total Observed scale h2: 0.0255 (0.0019)
Lambda GC: 1.2398
Mean Chi^2: 1.3841
Intercept: 0.9694 (0.013)
Ratio < 0 (usually indicates GC correction).

Genetic Covariance
------------------
Total Observed scale gencov: 0.0126 (0.0041)
Mean z1*z2: 0.086
Intercept: 0.0278 (0.015)

Genetic Correlation
-------------------
Genetic Correlation: 0.1763 (0.0442)
Z-score: 3.9846
P: 6.7596e-05


Summary of Genetic Correlation Results
p1                                                          p2      rg      se       z           p  h2_obs  h2_obs_se  h2_int  h2_int_se  gcov_int  gcov_int_se
//users/rmatovu/LDSC_tut/sumstats/Formatted/LDL.sumstats.gz  //users/rmatovu/LDSC_tut/sumstats/Formatted/MI.sumstats.gz  0.1763  0.0442  3.9846  6.7596e-05  0.0255     0.0019  0.9694      0.013    0.0278        0.015

Analysis finished at Sat Aug 10 23:00:24 2024
Total time elapsed: 17.63s
